[2025-02-11 17:08:16,004: INFO: main: welcome to our custom log]
[2025-02-15 23:54:11,375: INFO: common: yaml file: config\config.yaml loaded successfully]
[2025-02-15 23:54:11,381: INFO: common: yaml file: params.yaml loaded successfully]
[2025-02-15 23:54:11,384: INFO: common: created directory at: artifacts]
[2025-02-15 23:54:11,386: INFO: common: created directory at: artifacts/data_ingestion]
[2025-02-15 23:54:11,388: INFO: 986331348: Downloading data from https://drive.google.com/file/d/1vlhZ5c7abUKF8xXERIw6m9Te8fW7ohw3/view?usp=sharing into file artifacts/data_ingestion/data.zip]
[2025-02-15 23:54:21,866: INFO: 986331348: Downloaded data from https://drive.google.com/file/d/1vlhZ5c7abUKF8xXERIw6m9Te8fW7ohw3/view?usp=sharing into file artifacts/data_ingestion/data.zip]
[2025-02-16 00:32:37,389: INFO: main: >>>>>> stage Data Ingestion stage started <<<<<<]
[2025-02-16 00:32:37,390: INFO: common: yaml file: config\config.yaml loaded successfully]
[2025-02-16 00:32:37,394: INFO: common: yaml file: params.yaml loaded successfully]
[2025-02-16 00:32:37,394: INFO: common: created directory at: artifacts]
[2025-02-16 00:32:37,395: INFO: common: created directory at: artifacts/data_ingestion]
[2025-02-16 00:32:37,396: INFO: data_ingestion: Downloading data from https://drive.google.com/file/d/1vlhZ5c7abUKF8xXERIw6m9Te8fW7ohw3/view?usp=sharing into file artifacts/data_ingestion/data.zip]
[2025-02-16 00:32:48,154: INFO: data_ingestion: Downloaded data from https://drive.google.com/file/d/1vlhZ5c7abUKF8xXERIw6m9Te8fW7ohw3/view?usp=sharing into file artifacts/data_ingestion/data.zip]
[2025-02-16 00:32:48,774: INFO: main: >>>>>> stage Data Ingestion stage completed <<<<<<

x==========x]
[2025-02-16 16:50:18,279: INFO: common: yaml file: config\config.yaml loaded successfully]
[2025-02-16 16:50:18,296: INFO: common: yaml file: params.yaml loaded successfully]
[2025-02-16 16:50:18,299: INFO: common: created directory at: artifacts]
[2025-02-16 16:51:15,416: INFO: common: yaml file: config\config.yaml loaded successfully]
[2025-02-16 16:51:15,421: INFO: common: yaml file: params.yaml loaded successfully]
[2025-02-16 16:51:15,422: INFO: common: created directory at: artifacts]
[2025-02-16 16:51:15,424: INFO: common: created directory at: artifacts/prepare_base_model]
[2025-02-16 16:52:11,726: INFO: common: yaml file: config\config.yaml loaded successfully]
[2025-02-16 16:52:11,731: INFO: common: yaml file: params.yaml loaded successfully]
[2025-02-16 16:52:11,736: INFO: common: created directory at: artifacts]
[2025-02-16 16:52:11,737: INFO: common: created directory at: artifacts/prepare_base_model]
[2025-02-16 16:52:19,702: WARNING: saving_utils: Compiled the loaded model, but the compiled metrics have yet to be built. `model.compile_metrics` will be empty until you train or evaluate the model.]
[2025-02-16 17:02:35,851: INFO: main: >>>>>> stage Data Ingestion stage started <<<<<<]
[2025-02-16 17:02:35,855: INFO: common: yaml file: config\config.yaml loaded successfully]
[2025-02-16 17:02:35,858: INFO: common: yaml file: params.yaml loaded successfully]
[2025-02-16 17:02:35,860: INFO: common: created directory at: artifacts]
[2025-02-16 17:02:35,860: ERROR: main: 'ConfigurationManager' object has no attribute 'get_data_ingestion_config']
Traceback (most recent call last):
  File "main.py", line 11, in <module>
    data_ingestion.main()
  File "D:\data science projects\kedneydiseaseclasifficationdeeplearning\src\cnnClassifier\pipeline\stage_01_data_ingestion.py", line 14, in main
    data_ingestion_config = config.get_data_ingestion_config()
AttributeError: 'ConfigurationManager' object has no attribute 'get_data_ingestion_config'
[2025-02-16 17:11:49,411: INFO: main: >>>>>> stage Data Ingestion stage started <<<<<<]
[2025-02-16 17:11:49,413: INFO: common: yaml file: config\config.yaml loaded successfully]
[2025-02-16 17:11:49,416: INFO: common: yaml file: params.yaml loaded successfully]
[2025-02-16 17:11:49,417: INFO: common: created directory at: artifacts]
[2025-02-16 17:11:49,417: ERROR: main: 'ConfigurationManager' object has no attribute 'get_data_ingestion_config']
Traceback (most recent call last):
  File "main.py", line 11, in <module>
    data_ingestion.main()
  File "D:\data science projects\kedneydiseaseclasifficationdeeplearning\src\cnnClassifier\pipeline\stage_01_data_ingestion.py", line 14, in main
    data_ingestion_config = config.get_data_ingestion_config()
AttributeError: 'ConfigurationManager' object has no attribute 'get_data_ingestion_config'
[2025-02-16 17:12:50,471: INFO: main: >>>>>> stage Data Ingestion stage started <<<<<<]
[2025-02-16 17:12:50,473: INFO: common: yaml file: config\config.yaml loaded successfully]
[2025-02-16 17:12:50,474: INFO: common: yaml file: params.yaml loaded successfully]
[2025-02-16 17:12:50,475: INFO: common: created directory at: artifacts]
[2025-02-16 17:12:50,475: INFO: common: created directory at: artifacts/data_ingestion]
[2025-02-16 17:12:50,475: INFO: data_ingestion: Downloading data from https://drive.google.com/file/d/1vlhZ5c7abUKF8xXERIw6m9Te8fW7ohw3/view?usp=sharing into file artifacts/data_ingestion/data.zip]
[2025-02-16 17:13:01,542: INFO: data_ingestion: Downloaded data from https://drive.google.com/file/d/1vlhZ5c7abUKF8xXERIw6m9Te8fW7ohw3/view?usp=sharing into file artifacts/data_ingestion/data.zip]
[2025-02-16 17:13:02,254: INFO: main: >>>>>> stage Data Ingestion stage completed <<<<<<

x==========x]
[2025-02-16 17:13:02,254: INFO: main: *******************]
[2025-02-16 17:13:02,254: INFO: main: >>>>>> stage Prepare base model started <<<<<<]
[2025-02-16 17:13:02,255: ERROR: main: name 'PrepareBaseModelTrainingPipeline' is not defined]
Traceback (most recent call last):
  File "main.py", line 21, in <module>
    prepare_base_model = PrepareBaseModelTrainingPipeline()
NameError: name 'PrepareBaseModelTrainingPipeline' is not defined
[2025-02-16 17:19:55,509: INFO: main: >>>>>> stage Data Ingestion stage started <<<<<<]
[2025-02-16 17:19:55,511: INFO: common: yaml file: config\config.yaml loaded successfully]
[2025-02-16 17:19:55,519: INFO: common: yaml file: params.yaml loaded successfully]
[2025-02-16 17:19:55,522: INFO: common: created directory at: artifacts]
[2025-02-16 17:19:55,523: INFO: common: created directory at: artifacts/data_ingestion]
[2025-02-16 17:19:55,523: INFO: data_ingestion: Downloading data from https://drive.google.com/file/d/1vlhZ5c7abUKF8xXERIw6m9Te8fW7ohw3/view?usp=sharing into file artifacts/data_ingestion/data.zip]
[2025-02-16 17:20:07,236: INFO: data_ingestion: Downloaded data from https://drive.google.com/file/d/1vlhZ5c7abUKF8xXERIw6m9Te8fW7ohw3/view?usp=sharing into file artifacts/data_ingestion/data.zip]
[2025-02-16 17:20:07,853: INFO: main: >>>>>> stage Data Ingestion stage completed <<<<<<

x==========x]
[2025-02-16 17:20:07,854: INFO: main: *******************]
[2025-02-16 17:20:07,854: INFO: main: >>>>>> stage Prepare base model started <<<<<<]
[2025-02-16 17:20:07,858: INFO: common: yaml file: config\config.yaml loaded successfully]
[2025-02-16 17:20:07,862: INFO: common: yaml file: params.yaml loaded successfully]
[2025-02-16 17:20:07,863: INFO: common: created directory at: artifacts]
[2025-02-16 17:20:07,864: INFO: common: created directory at: artifacts/prepare_base_model]
[2025-02-16 17:20:08,776: WARNING: saving_utils: Compiled the loaded model, but the compiled metrics have yet to be built. `model.compile_metrics` will be empty until you train or evaluate the model.]
[2025-02-16 17:20:09,538: INFO: main: >>>>>> stage Prepare base model completed <<<<<<

x==========x]
[2025-02-16 22:05:25,751: INFO: common: yaml file: config\config.yaml loaded successfully]
[2025-02-16 22:05:25,761: INFO: common: yaml file: params.yaml loaded successfully]
[2025-02-16 22:05:25,764: INFO: common: created directory at: artifacts]
[2025-02-16 22:07:47,797: INFO: common: yaml file: config\config.yaml loaded successfully]
[2025-02-16 22:07:47,801: INFO: common: yaml file: params.yaml loaded successfully]
[2025-02-16 22:07:47,802: INFO: common: created directory at: artifacts]
[2025-02-16 22:07:47,805: INFO: common: created directory at: artifacts\training]
[2025-02-16 22:09:31,429: INFO: common: yaml file: config\config.yaml loaded successfully]
[2025-02-16 22:09:31,433: INFO: common: yaml file: params.yaml loaded successfully]
[2025-02-16 22:09:31,437: INFO: common: created directory at: artifacts]
[2025-02-16 22:09:31,439: INFO: common: created directory at: artifacts\training]
[2025-02-16 22:09:40,070: INFO: common: yaml file: config\config.yaml loaded successfully]
[2025-02-16 22:09:40,072: INFO: common: yaml file: params.yaml loaded successfully]
[2025-02-16 22:09:40,073: INFO: common: created directory at: artifacts]
[2025-02-16 22:09:40,075: INFO: common: created directory at: artifacts\training]
[2025-02-16 22:10:50,906: INFO: common: yaml file: config\config.yaml loaded successfully]
[2025-02-16 22:10:50,908: INFO: common: yaml file: params.yaml loaded successfully]
[2025-02-16 22:10:50,910: INFO: common: created directory at: artifacts]
[2025-02-16 22:10:50,914: INFO: common: created directory at: artifacts\training]
[2025-02-16 22:12:14,157: INFO: common: yaml file: config\config.yaml loaded successfully]
[2025-02-16 22:12:14,160: INFO: common: yaml file: params.yaml loaded successfully]
[2025-02-16 22:12:14,162: INFO: common: created directory at: artifacts]
[2025-02-16 22:12:14,164: INFO: common: created directory at: artifacts\training]
[2025-02-16 22:14:24,489: INFO: common: yaml file: config\config.yaml loaded successfully]
[2025-02-16 22:14:24,492: INFO: common: yaml file: params.yaml loaded successfully]
[2025-02-16 22:14:24,494: INFO: common: created directory at: artifacts]
[2025-02-16 22:14:24,495: INFO: common: created directory at: artifacts\training]
[2025-02-16 22:56:07,120: INFO: main: >>>>>> stage Data Ingestion stage started <<<<<<]
[2025-02-16 22:56:07,123: INFO: common: yaml file: config\config.yaml loaded successfully]
[2025-02-16 22:56:07,130: INFO: common: yaml file: params.yaml loaded successfully]
[2025-02-16 22:56:07,131: INFO: common: created directory at: artifacts]
[2025-02-16 22:56:07,132: INFO: common: created directory at: artifacts/data_ingestion]
[2025-02-16 22:56:07,132: INFO: data_ingestion: Downloading data from https://drive.google.com/file/d/1vlhZ5c7abUKF8xXERIw6m9Te8fW7ohw3/view?usp=sharing into file artifacts/data_ingestion/data.zip]
[2025-02-16 22:56:19,472: INFO: data_ingestion: Downloaded data from https://drive.google.com/file/d/1vlhZ5c7abUKF8xXERIw6m9Te8fW7ohw3/view?usp=sharing into file artifacts/data_ingestion/data.zip]
[2025-02-16 22:56:20,368: INFO: main: >>>>>> stage Data Ingestion stage completed <<<<<<

x==========x]
[2025-02-16 22:56:20,369: INFO: main: *******************]
[2025-02-16 22:56:20,369: INFO: main: >>>>>> stage Prepare base model started <<<<<<]
[2025-02-16 22:56:20,372: INFO: common: yaml file: config\config.yaml loaded successfully]
[2025-02-16 22:56:20,373: INFO: common: yaml file: params.yaml loaded successfully]
[2025-02-16 22:56:20,374: INFO: common: created directory at: artifacts]
[2025-02-16 22:56:20,374: INFO: common: created directory at: artifacts/prepare_base_model]
[2025-02-16 22:56:21,120: WARNING: saving_utils: Compiled the loaded model, but the compiled metrics have yet to be built. `model.compile_metrics` will be empty until you train or evaluate the model.]
[2025-02-16 22:56:21,831: INFO: main: >>>>>> stage Prepare base model completed <<<<<<

x==========x]
[2025-02-16 22:56:21,831: INFO: main: *******************]
[2025-02-16 22:56:21,832: INFO: main: >>>>>> stage training started <<<<<<]
[2025-02-16 22:56:21,835: INFO: common: yaml file: config\config.yaml loaded successfully]
[2025-02-16 22:56:21,837: INFO: common: yaml file: params.yaml loaded successfully]
[2025-02-16 22:56:21,838: INFO: common: created directory at: artifacts]
[2025-02-16 22:56:21,838: ERROR: main: name 'os' is not defined]
Traceback (most recent call last):
  File "main.py", line 35, in <module>
    prepare_base_model.main()
  File "D:\data science projects\kedneydiseaseclasifficationdeeplearning\src\cnnClassifier\pipeline\stage_03_model_training.py", line 15, in main
    training_config = config.get_training_config()
  File "D:\data science projects\kedneydiseaseclasifficationdeeplearning\src\cnnClassifier\config\configuration.py", line 56, in get_training_config
    training_data = os.path.join(self.config.data_ingestion.unzip_dir, "kidney-ct-scan-image")
NameError: name 'os' is not defined
[2025-02-16 23:01:47,453: INFO: main: >>>>>> stage Data Ingestion stage started <<<<<<]
[2025-02-16 23:01:47,455: INFO: common: yaml file: config\config.yaml loaded successfully]
[2025-02-16 23:01:47,458: INFO: common: yaml file: params.yaml loaded successfully]
[2025-02-16 23:01:47,459: INFO: common: created directory at: artifacts]
[2025-02-16 23:01:47,460: INFO: common: created directory at: artifacts/data_ingestion]
[2025-02-16 23:01:47,460: INFO: data_ingestion: Downloading data from https://drive.google.com/file/d/1vlhZ5c7abUKF8xXERIw6m9Te8fW7ohw3/view?usp=sharing into file artifacts/data_ingestion/data.zip]
[2025-02-16 23:01:57,048: INFO: data_ingestion: Downloaded data from https://drive.google.com/file/d/1vlhZ5c7abUKF8xXERIw6m9Te8fW7ohw3/view?usp=sharing into file artifacts/data_ingestion/data.zip]
[2025-02-16 23:01:57,913: INFO: main: >>>>>> stage Data Ingestion stage completed <<<<<<

x==========x]
[2025-02-16 23:01:57,915: INFO: main: *******************]
[2025-02-16 23:01:57,915: INFO: main: >>>>>> stage Prepare base model started <<<<<<]
[2025-02-16 23:01:57,919: INFO: common: yaml file: config\config.yaml loaded successfully]
[2025-02-16 23:01:57,922: INFO: common: yaml file: params.yaml loaded successfully]
[2025-02-16 23:01:57,922: INFO: common: created directory at: artifacts]
[2025-02-16 23:01:57,923: INFO: common: created directory at: artifacts/prepare_base_model]
[2025-02-16 23:01:58,794: WARNING: saving_utils: Compiled the loaded model, but the compiled metrics have yet to be built. `model.compile_metrics` will be empty until you train or evaluate the model.]
[2025-02-16 23:01:59,661: INFO: main: >>>>>> stage Prepare base model completed <<<<<<

x==========x]
[2025-02-16 23:01:59,661: INFO: main: *******************]
[2025-02-16 23:01:59,662: INFO: main: >>>>>> stage training started <<<<<<]
[2025-02-16 23:01:59,665: INFO: common: yaml file: config\config.yaml loaded successfully]
[2025-02-16 23:01:59,667: INFO: common: yaml file: params.yaml loaded successfully]
[2025-02-16 23:01:59,668: INFO: common: created directory at: artifacts]
[2025-02-16 23:01:59,668: INFO: common: created directory at: artifacts\training]
[2025-02-16 23:03:16,278: INFO: main: >>>>>> stage training completed <<<<<<

x==========x]
